#
# There is insufficient memory for the Java Runtime Environment to continue.
# Native memory allocation (mmap) failed to map 266338304 bytes. Error detail: G1 virtual space
# Possible reasons:
#   The system is out of physical RAM or swap space
#   This process is running with CompressedOops enabled, and the Java Heap may be blocking the growth of the native heap
# Possible solutions:
#   Reduce memory load on the system
#   Increase physical memory or swap space
#   Check if swap backing store is full
#   Decrease Java heap size (-Xmx/-Xms)
#   Decrease number of Java threads
#   Decrease Java thread stack sizes (-Xss)
#   Set larger code cache with -XX:ReservedCodeCacheSize=
#   JVM is running with Zero Based Compressed Oops mode in which the Java heap is
#     placed in the first 32GB address space. The Java Heap base address is the
#     maximum limit for the native heap growth. Please use -XX:HeapBaseMinAddress
#     to set the Java Heap base and to place the Java Heap above 32GB virtual address.
# This output file may be truncated or incomplete.
#
#  Out of Memory Error (os_windows.cpp:3713), pid=25712, tid=25008
#
# JRE version:  (21.0.9+10) (build )
# Java VM: OpenJDK 64-Bit Server VM (21.0.9+10-LTS, mixed mode, sharing, tiered, compressed oops, compressed class ptrs, g1 gc, windows-amd64)
# No core dump will be written. Minidumps are not enabled by default on client versions of Windows
#

---------------  S U M M A R Y ------------

Command Line: 

Host: Intel(R) Core(TM) i7-10750H CPU @ 2.60GHz, 12 cores, 15G,  Windows 11 , 64 bit Build 22000 (10.0.22000.2538)
Time: Tue Feb 17 15:01:46 2026 Paris, Madrid elapsed time: 0.007962 seconds (0d 0h 0m 0s)

---------------  T H R E A D  ---------------

Current thread (0x000001efc6a68670):  JavaThread "Unknown thread" [_thread_in_vm, id=25008, stack(0x0000004366a00000,0x0000004366b00000) (1024K)]

Stack: [0x0000004366a00000,0x0000004366b00000]
Native frames: (J=compiled Java code, j=interpreted, Vv=VM code, C=native code)
V  [jvm.dll+0x6d6e29]
V  [jvm.dll+0x8b4b76]
V  [jvm.dll+0x8b712e]
V  [jvm.dll+0x8b7813]
V  [jvm.dll+0x283d86]
V  [jvm.dll+0x6d3745]
V  [jvm.dll+0x6c747a]
V  [jvm.dll+0x35e7e8]
V  [jvm.dll+0x366426]
V  [jvm.dll+0x3b73fe]
V  [jvm.dll+0x3b76a8]
V  [jvm.dll+0x3329ec]
V  [jvm.dll+0x33353b]
V  [jvm.dll+0x87deeb]
V  [jvm.dll+0x3c4381]
V  [jvm.dll+0x867135]
V  [jvm.dll+0x457391]
V  [jvm.dll+0x458f81]
C  [jli.dll+0x52d0]
C  [ucrtbase.dll+0x26c0c]
C  [KERNEL32.DLL+0x153e0]
C  [ntdll.dll+0x485b]


---------------  P R O C E S S  ---------------

Threads class SMR info:
_java_thread_list=0x00007ff8e62691c8, length=0, elements={
}

Java Threads: ( => current thread )
Total: 0

Other Threads:
  0x000001efc6ad0440 WorkerThread "GC Thread#0"                     [id=22304, stack(0x0000004366b00000,0x0000004366c00000) (1024K)]
  0x000001efc6ae1310 ConcurrentGCThread "G1 Main Marker"            [id=22588, stack(0x0000004366c00000,0x0000004366d00000) (1024K)]
  0x000001efc6ae41d0 WorkerThread "G1 Conc#0"                       [id=26568, stack(0x0000004366d00000,0x0000004366e00000) (1024K)]

[error occurred during error reporting (printing all threads), id 0xc0000005, EXCEPTION_ACCESS_VIOLATION (0xc0000005) at pc=0x00007ff8e59650d7]
VM state: not at safepoint (not fully initialized)

VM Mutex/Monitor currently owned by a thread:  ([mutex/lock_event])
[0x00007ff8e62dd670] Heap_lock - owner thread: 0x000001efc6a68670

Heap address: 0x0000000702c00000, size: 4052 MB, Compressed Oops mode: Zero based, Oop shift amount: 3

CDS archive(s) mapped at: [0x0000000000000000-0x0000000000000000-0x0000000000000000), size 0, SharedBaseAddress: 0x0000000800000000, ArchiveRelocationMode: 1.
Narrow klass base: 0x0000000000000000, Narrow klass shift: 0, Narrow klass range: 0x0

GC Precious Log:
 CardTable entry size: 512
 Card Set container configuration: InlinePtr #cards 4 size 8 Array Of Cards #cards 16 size 48 Howl #buckets 8 coarsen threshold 3686 Howl Bitmap #cards 512 size 80 coarsen threshold 460 Card regions per heap region 1 cards per card region 4096

Heap:
 garbage-first heap   total 0K, used 0K [0x0000000702c00000, 0x0000000800000000)
  region size 2048K, 0 young (0K), 0 survivors (0K)

[error occurred during error reporting (printing heap information), id 0xc0000005, EXCEPTION_ACCESS_VIOLATION (0xc0000005) at pc=0x00007ff8e5d507a9]
GC Heap History (0 events):
No events

Dll operation events (1 events):
Event: 0.004 Loaded shared library C:\Program Files\Eclipse Adoptium\jdk-21.0.9.10-hotspot\bin\java.dll

Deoptimization events (0 events):
No events

Classes loaded (0 events):
No events

Classes unloaded (0 events):
No events

Classes redefined (0 events):
No events

Internal exceptions (0 events):
No events

ZGC Phase Switch (0 events):
No events

VM Operations (0 events):
No events

Memory protections (0 events):
No events

Nmethod flushes (0 events):
No events

Events (0 events):
No events


Dynamic libraries:
0x00007ff76cc70000 - 0x00007ff76cc7e000 	C:\Program Files\Eclipse Adoptium\jdk-21.0.9.10-hotspot\bin\java.exe
0x00007ff983c80000 - 0x00007ff983e89000 	C:\WINDOWS\SYSTEM32\ntdll.dll
0x00007ff9825f0000 - 0x00007ff9826ad000 	C:\WINDOWS\System32\KERNEL32.DLL
0x00007ff9815a0000 - 0x00007ff981924000 	C:\WINDOWS\System32\KERNELBASE.dll
0x00007ff981930000 - 0x00007ff981a41000 	C:\WINDOWS\System32\ucrtbase.dll
0x00007ff970e00000 - 0x00007ff970e1e000 	C:\Program Files\Eclipse Adoptium\jdk-21.0.9.10-hotspot\bin\VCRUNTIME140.dll
0x00007ff970de0000 - 0x00007ff970df8000 	C:\Program Files\Eclipse Adoptium\jdk-21.0.9.10-hotspot\bin\jli.dll
0x00007ff9822e0000 - 0x00007ff98248d000 	C:\WINDOWS\System32\USER32.dll
0x00007ff974f10000 - 0x00007ff9751b5000 	C:\WINDOWS\WinSxS\amd64_microsoft.windows.common-controls_6595b64144ccf1df_6.0.22000.120_none_9d947278b86cc467\COMCTL32.dll
0x00007ff981280000 - 0x00007ff9812a6000 	C:\WINDOWS\System32\win32u.dll
0x00007ff983420000 - 0x00007ff9834c3000 	C:\WINDOWS\System32\msvcrt.dll
0x00007ff981b10000 - 0x00007ff981b3a000 	C:\WINDOWS\System32\GDI32.dll
0x00007ff9813c0000 - 0x00007ff9814de000 	C:\WINDOWS\System32\gdi32full.dll
0x00007ff981320000 - 0x00007ff9813bd000 	C:\WINDOWS\System32\msvcp_win.dll
0x00007ff981ad0000 - 0x00007ff981b01000 	C:\WINDOWS\System32\IMM32.DLL
0x00007ff970dd0000 - 0x00007ff970ddc000 	C:\Program Files\Eclipse Adoptium\jdk-21.0.9.10-hotspot\bin\vcruntime140_1.dll
0x00007ff934420000 - 0x00007ff9344ad000 	C:\Program Files\Eclipse Adoptium\jdk-21.0.9.10-hotspot\bin\msvcp140.dll
0x00007ff8e5620000 - 0x00007ff8e63c0000 	C:\Program Files\Eclipse Adoptium\jdk-21.0.9.10-hotspot\bin\server\jvm.dll
0x00007ff9826b0000 - 0x00007ff98275e000 	C:\WINDOWS\System32\ADVAPI32.dll
0x00007ff982140000 - 0x00007ff9821de000 	C:\WINDOWS\System32\sechost.dll
0x00007ff982010000 - 0x00007ff982131000 	C:\WINDOWS\System32\RPCRT4.dll
0x00007ff983650000 - 0x00007ff9836bf000 	C:\WINDOWS\System32\WS2_32.dll
0x00007ff97fa30000 - 0x00007ff97fa7d000 	C:\WINDOWS\SYSTEM32\POWRPROF.dll
0x00007ff9763f0000 - 0x00007ff976423000 	C:\WINDOWS\SYSTEM32\WINMM.dll
0x00007ff978160000 - 0x00007ff97816a000 	C:\WINDOWS\SYSTEM32\VERSION.dll
0x00007ff97fb20000 - 0x00007ff97fb33000 	C:\WINDOWS\SYSTEM32\UMPDC.dll
0x00007ff980230000 - 0x00007ff980248000 	C:\WINDOWS\SYSTEM32\kernel.appcore.dll
0x00007ff970dc0000 - 0x00007ff970dca000 	C:\Program Files\Eclipse Adoptium\jdk-21.0.9.10-hotspot\bin\jimage.dll
0x00007ff96add0000 - 0x00007ff96aff1000 	C:\WINDOWS\SYSTEM32\DBGHELP.DLL
0x00007ff974c00000 - 0x00007ff974c31000 	C:\WINDOWS\SYSTEM32\dbgcore.DLL
0x00007ff981a50000 - 0x00007ff981acf000 	C:\WINDOWS\System32\bcryptPrimitives.dll
0x00007ff970c20000 - 0x00007ff970c40000 	C:\Program Files\Eclipse Adoptium\jdk-21.0.9.10-hotspot\bin\java.dll

JVMTI agents: none

dbghelp: loaded successfully - version: 4.0.5 - missing functions: none
symbol engine: initialized successfully - sym options: 0x614 - pdb path: .;C:\Program Files\Eclipse Adoptium\jdk-21.0.9.10-hotspot\bin;C:\WINDOWS\SYSTEM32;C:\WINDOWS\WinSxS\amd64_microsoft.windows.common-controls_6595b64144ccf1df_6.0.22000.120_none_9d947278b86cc467;C:\Program Files\Eclipse Adoptium\jdk-21.0.9.10-hotspot\bin\server

VM Arguments:
java_command: <unknown>
java_class_path (initial): <not set>
Launcher Type: SUN_STANDARD

[Global flags]
     intx CICompilerCount                          = 4                                         {product} {ergonomic}
     uint ConcGCThreads                            = 3                                         {product} {ergonomic}
     uint G1ConcRefinementThreads                  = 10                                        {product} {ergonomic}
   size_t G1HeapRegionSize                         = 2097152                                   {product} {ergonomic}
    uintx GCDrainStackTargetSize                   = 64                                        {product} {ergonomic}
   size_t InitialHeapSize                          = 266338304                                 {product} {ergonomic}
   size_t MarkStackSize                            = 4194304                                   {product} {ergonomic}
   size_t MaxHeapSize                              = 4248829952                                {product} {ergonomic}
   size_t MinHeapDeltaBytes                        = 2097152                                   {product} {ergonomic}
   size_t MinHeapSize                              = 8388608                                   {product} {ergonomic}
    uintx NonNMethodCodeHeapSize                   = 5839372                                {pd product} {ergonomic}
    uintx NonProfiledCodeHeapSize                  = 122909434                              {pd product} {ergonomic}
    uintx ProfiledCodeHeapSize                     = 122909434                              {pd product} {ergonomic}
    uintx ReservedCodeCacheSize                    = 251658240                              {pd product} {ergonomic}
     bool SegmentedCodeCache                       = true                                      {product} {ergonomic}
   size_t SoftMaxHeapSize                          = 4248829952                             {manageable} {ergonomic}
     bool UseCompressedOops                        = true                           {product lp64_product} {ergonomic}
     bool UseG1GC                                  = true                                      {product} {ergonomic}
     bool UseLargePagesIndividualAllocation        = false                                  {pd product} {ergonomic}

Logging:
Log output configuration:
 #0: stdout all=warning uptime,level,tags foldmultilines=false
 #1: stderr all=off uptime,level,tags foldmultilines=false

Release file:
<release file has not been read>
Environment Variables:
JAVA_HOME=C:\Program Files\Eclipse Adoptium\jdk-21.0.9-hotspot
PATH=C:\Program Files\Eclipse Adoptium\jdk-21.0.9-hotspot\bin;C:\Program Files\Eclipse Adoptium\jdk-21.0.9.10-hotspot;C:\Program Files\Eclipse Adoptium\jdk-21.0.9.10-hotspot\bin;C:\oraclexe\app\oracle\product\11.2.0\server\bin;C:\oraclexe\app\oracle\product\11.2.0\server\bin;C:\oraclexe\app\oracle\product\11.2.0\server\bin;C:\Program Files (x86)\Common Files\Intel\Shared Libraries\redist\intel64\compiler;C:\Windows\system32;C:\Windows;C:\Windows\System32\Wbem;C:\Windows\System32\WindowsPowerShell\v1.0\;C:\Windows\System32\OpenSSH\;C:\Program Files (x86)\NVIDIA Corporation\PhysX\Common;C:\Program Files\NVIDIA Corporation\NVIDIA NvDLISR;C:\WINDOWS\system32;C:\WINDOWS;C:\WINDOWS\System32\Wbem;C:\WINDOWS\System32\WindowsPowerShell\v1.0\;C:\WINDOWS\System32\OpenSSH\;C:\instantclient12_2;C:\oraclexe;C:\oraclexe\app\oracle\admin\XE;C:\oraclexe\app\oracle\product\11.2.0\server\bin;C:\instantclient12_2\instantclient-odbc-nt-12.2.0.1.0-2;C:\composer;C:\Users\user\AppData\Roaming\nvm;C:\Program Files\nodejs;C:\Program Files\Microsoft SQL Server\150\Tools\Binn\;C:\Program Files\Microsoft SQL Server\Client SDK\ODBC\170\Tools\Binn\;C:\Program Files\Git\cmd;C:\Users\user\maven\apache-maven-3.9.9\bin;C:\Program Files\Docker\Docker\resources\bin;C:\Users\user\Downloads\grok;C:\Users\user\AppData\Local\Programs\Python\Python313\Scripts;C:\Users\user\AppData\Local\Programs\Python\Python313;C:\Program Files\Eclipse Adoptium\jdk-21.0.9.10-hotspot\bin;C:\Program Files\dotnet\;C:\Program Files\Eclipse Adoptium\jdk-25.0.1.8-hotspot;C:\Users\user\AppData\Local\Programs\Python\Launcher\;C:\Users\user\scoop\shims;C:\composer;C:\xampp\php;C:\Users\user\Desktop\Microsoft VS Code\visual\bin;C:\Users\user\AppData\Local\ComposerSetup\bin;C:\Users\user\AppData\Roaming\Composer\vendor\bin;C:\Users\user\AppData\Roaming\npm;C:\Users\user\AppData\Roaming\nvm;C:\Program Files\nodejs;C:\Users\user\.jdks\jbr-17.0.8.1\bin;C:\Program Files\MongoDB\Server\5.0\bin;C:\Users\user\.dotnet\tools;C:\Users\user\maven\apache-maven-3.9.9\bin;C:\Users\user\Downloads\grok;C:\Users\user\AppData\Local\Programs\Python\Python313;C:\Users\user\AppData\Local\Programs\Python\Python313\Scripts;C:\Program Files\JetBrains\IntelliJ IDEA 2025.3.1\bin
USERNAME=user
TERM=xterm
OS=Windows_NT
PROCESSOR_IDENTIFIER=Intel64 Family 6 Model 165 Stepping 2, GenuineIntel
TMP=C:\Users\user\AppData\Local\Temp
TEMP=C:\Users\user\AppData\Local\Temp




Periodic native trim disabled

---------------  S Y S T E M  ---------------

OS:
 Windows 11 , 64 bit Build 22000 (10.0.22000.2538)
OS uptime: 1 days 5:47 hours
Hyper-V role detected

CPU: total 12 (initial active 12) (6 cores per cpu, 2 threads per core) family 6 model 165 stepping 2 microcode 0xe0, cx8, cmov, fxsr, ht, mmx, 3dnowpref, sse, sse2, sse3, ssse3, sse4.1, sse4.2, popcnt, lzcnt, tsc, tscinvbit, avx, avx2, aes, erms, clmul, bmi1, bmi2, adx, fma, vzeroupper, clflush, clflushopt, hv, rdtscp, f16c
Processor Information for the first 12 processors :
  Max Mhz: 2592, Current Mhz: 2592, Mhz Limit: 2592

Memory: 4k page, system-wide physical 16200M (1086M free)
TotalPageFile size 28488M (AvailPageFile size 234M)
current process WorkingSet (physical memory assigned to process): 10M, peak: 10M
current process commit charge ("private bytes"): 64M, peak: 318M

vm_info: OpenJDK 64-Bit Server VM (21.0.9+10-LTS) for windows-amd64 JRE (21.0.9+10-LTS), built on 2025-10-21T00:00:00Z by "admin" with unknown MS VC++:1942

END.
